============================================================
Deployment   : 033123
Current time : 3/31/2023 10:18:16 AM
Start at     : 3/31/2023 12:17:00 PM
Comment:
April Deployment at Varari starting at 3/31/23 at Noon
------------------------------------------------------------
Measurement interval  (s) : 1
Cell size            (mm) : 30
Orientation               : UPLOOKING SHALLOW WATER
Distance to surface   (m) : 2.00
Pulse distance        (m) : 1.00
Profile range         (m) : 0.87
Horiz. vel. range   (m/s) : 0.30
Vert. vel. range    (m/s) : 0.13
Number of cells           : 29
Average interval      (s) : 1
Blanking distance     (m) : 0.100
Measurement load      (%) : 88
Samples per burst         : N/A
Sampling rate        (Hz) : N/A
Compass upd. rate     (s) : 1
Coordinate System         : ENU
Speed of sound      (m/s) : MEASURED
Salinity            (ppt) : 0
Analog input 1            : NONE
Analog input 2            : NONE
Analog input power out    : DISABLED
File wrapping             : OFF
TellTale                  : OFF
Acoustic modem            : OFF
Serial output             : OFF
Baud rate                 : 9600
------------------------------------------------------------
Assumed duration   (days) : 1.0
Battery utilization   (%) : 42.0
Battery level         (V) : 10.9
Recorder size        (MB) : 161
Recorder free space  (MB) : 63.397
Memory required      (MB) : 33.3
------------------------------------------------------------
Instrument ID             : AQD 2670
Head ID                   : ASP 2348
Firmware version          : 1.08 HR
------------------------------------------------------------
AquaProHR Version 1.11.03
Copyright (C) Nortek AS
============================================================
